  Source.cpp
c:\users\peppe\documents\visual studio 2015\projects\no_recoil_weapon_recognition\project1\source.cpp(32): warning C4244: '=': conversion from 'double' to 'LONG', possible loss of data
c:\users\peppe\documents\visual studio 2015\projects\no_recoil_weapon_recognition\project1\source.cpp(33): warning C4244: '=': conversion from 'double' to 'LONG', possible loss of data
c:\users\peppe\documents\visual studio 2015\projects\no_recoil_weapon_recognition\project1\source.cpp(288): warning C4244: '=': conversion from 'double' to 'int', possible loss of data
c:\users\peppe\documents\visual studio 2015\projects\no_recoil_weapon_recognition\project1\source.cpp(406): warning C4244: '=': conversion from 'double' to 'int', possible loss of data
c:\users\peppe\documents\visual studio 2015\projects\no_recoil_weapon_recognition\project1\source.cpp(412): warning C4244: '=': conversion from 'double' to 'int', possible loss of data
c:\users\peppe\documents\visual studio 2015\projects\no_recoil_weapon_recognition\project1\source.cpp(483): warning C4244: '=': conversion from 'double' to 'int', possible loss of data
c:\users\peppe\documents\visual studio 2015\projects\no_recoil_weapon_recognition\project1\source.cpp(488): warning C4244: '=': conversion from 'double' to 'int', possible loss of data
c:\users\peppe\documents\visual studio 2015\projects\no_recoil_weapon_recognition\project1\source.cpp(568): warning C4244: '=': conversion from 'double' to 'int', possible loss of data
c:\users\peppe\documents\visual studio 2015\projects\no_recoil_weapon_recognition\project1\source.cpp(574): warning C4244: '=': conversion from 'double' to 'int', possible loss of data
c:\users\peppe\documents\visual studio 2015\projects\no_recoil_weapon_recognition\project1\source.cpp(876): warning C4554: '&': check operator precedence for possible error; use parentheses to clarify precedence
c:\users\peppe\documents\visual studio 2015\projects\no_recoil_weapon_recognition\project1\source.cpp(1040): warning C4267: 'argument': conversion from 'size_t' to 'int', possible loss of data
c:\users\peppe\documents\visual studio 2015\projects\no_recoil_weapon_recognition\project1\source.cpp(1045): warning C4267: 'argument': conversion from 'size_t' to 'int', possible loss of data
c:\users\peppe\documents\visual studio 2015\projects\no_recoil_weapon_recognition\project1\source.cpp(1050): warning C4267: 'argument': conversion from 'size_t' to 'int', possible loss of data
c:\users\peppe\documents\visual studio 2015\projects\no_recoil_weapon_recognition\project1\source.cpp(1055): warning C4267: 'argument': conversion from 'size_t' to 'int', possible loss of data
c:\users\peppe\documents\visual studio 2015\projects\no_recoil_weapon_recognition\project1\source.cpp(1060): warning C4267: 'argument': conversion from 'size_t' to 'int', possible loss of data
c:\users\peppe\documents\visual studio 2015\projects\no_recoil_weapon_recognition\project1\source.cpp(1065): warning C4267: 'argument': conversion from 'size_t' to 'int', possible loss of data
c:\users\peppe\documents\visual studio 2015\projects\no_recoil_weapon_recognition\project1\source.cpp(1070): warning C4267: 'argument': conversion from 'size_t' to 'int', possible loss of data
c:\users\peppe\documents\visual studio 2015\projects\no_recoil_weapon_recognition\project1\source.cpp(1075): warning C4267: 'argument': conversion from 'size_t' to 'int', possible loss of data
c:\users\peppe\documents\visual studio 2015\projects\no_recoil_weapon_recognition\project1\source.cpp(1080): warning C4267: 'argument': conversion from 'size_t' to 'int', possible loss of data
c:\users\peppe\documents\visual studio 2015\projects\no_recoil_weapon_recognition\project1\source.cpp(1085): warning C4267: 'argument': conversion from 'size_t' to 'int', possible loss of data
c:\users\peppe\documents\visual studio 2015\projects\no_recoil_weapon_recognition\project1\source.cpp(1090): warning C4267: 'argument': conversion from 'size_t' to 'int', possible loss of data
c:\users\peppe\documents\visual studio 2015\projects\no_recoil_weapon_recognition\project1\source.cpp(1095): warning C4267: 'argument': conversion from 'size_t' to 'int', possible loss of data
c:\users\peppe\documents\visual studio 2015\projects\no_recoil_weapon_recognition\project1\source.cpp(1100): warning C4267: 'argument': conversion from 'size_t' to 'int', possible loss of data
c:\users\peppe\documents\visual studio 2015\projects\no_recoil_weapon_recognition\project1\source.cpp(1105): warning C4267: 'argument': conversion from 'size_t' to 'int', possible loss of data
c:\users\peppe\documents\visual studio 2015\projects\no_recoil_weapon_recognition\project1\source.cpp(1110): warning C4267: 'argument': conversion from 'size_t' to 'int', possible loss of data
c:\users\peppe\documents\visual studio 2015\projects\no_recoil_weapon_recognition\project1\source.cpp(1131): warning C4267: 'argument': conversion from 'size_t' to 'int', possible loss of data
c:\users\peppe\documents\visual studio 2015\projects\no_recoil_weapon_recognition\project1\source.cpp(1142): warning C4244: 'initializing': conversion from '__int64' to 'int', possible loss of data
c:\users\peppe\documents\visual studio 2015\projects\no_recoil_weapon_recognition\project1\source.cpp(990): warning C4101: 'pt': unreferenced local variable
  Project1.vcxproj -> C:\Users\peppe\Documents\Visual Studio 2015\Projects\no_recoil_weapon_recognition\x64\Debug\Project1.exe
  Project1.vcxproj -> C:\Users\peppe\Documents\Visual Studio 2015\Projects\no_recoil_weapon_recognition\x64\Debug\Project1.pdb (Partial PDB)
